<?xml version="1.0" encoding="UTF-8"?>
<!-- Generated by org.testng.reporters.JUnitReportReporter -->
<testsuite hostname="ES3027813W1" failures="0" tests="1" name="zz210120.AbrirCoronavirus" time="3.041" errors="0" timestamp="2021-01-22T12:39:52 CET" skipped="0">
  <testcase classname="zz210120.AbrirCoronavirus" name="comprobarEnlaceCoronavirus" time="3.041"/>
  <system-out/>
</testsuite> <!-- zz210120.AbrirCoronavirus -->
