<?xml version="1.0" encoding="UTF-8"?>
<!-- Generated by org.testng.reporters.JUnitReportReporter -->
<testsuite hostname="ES3027813W1" failures="0" tests="4" name="zz210120.CargaNotificacionesY3Mas" time="4.415" errors="0" timestamp="2021-01-22T13:20:59 CET" skipped="0">
  <testcase classname="zz210120.CargaNotificacionesY3Mas" name="masPrivacidad" time="1.166"/>
  <system-out/>
  <testcase classname="zz210120.CargaNotificacionesY3Mas" name="masAyuda" time="0.736"/>
  <system-out/>
  <testcase classname="zz210120.CargaNotificacionesY3Mas" name="mostarNotificaciones" time="0.468"/>
  <system-out/>
  <testcase classname="zz210120.CargaNotificacionesY3Mas" name="masContacto" time="2.045"/>
  <system-out/>
</testsuite> <!-- zz210120.CargaNotificacionesY3Mas -->
