<?xml version="1.0" encoding="UTF-8"?>
<!-- Generated by org.testng.reporters.JUnitReportReporter -->
<testsuite hostname="ES3027813W1" failures="0" tests="2" name="zz210120.PedirCita2Links" time="4.961" errors="0" timestamp="2021-01-22T12:39:52 CET" skipped="0">
  <testcase classname="zz210120.PedirCita2Links" name="paginaInicioCitaPreviaAtencionPrimaria" time="2.286"/>
  <system-out/>
  <testcase classname="zz210120.PedirCita2Links" name="paginaInicioCitaPreviaAtencionHospitalaria" time="2.675"/>
  <system-out/>
</testsuite> <!-- zz210120.PedirCita2Links -->
