<?xml version="1.0" encoding="UTF-8"?>
<!-- Generated by org.testng.reporters.JUnitReportReporter -->
<testsuite hostname="ES3027813W1" failures="0" tests="1" name="zz210120.AbrirCoronavirus" time="2.817" errors="0" timestamp="2021-01-22T13:20:59 CET" skipped="0">
  <testcase classname="zz210120.AbrirCoronavirus" name="comprobarEnlaceCoronavirus" time="2.817"/>
  <system-out/>
</testsuite> <!-- zz210120.AbrirCoronavirus -->
