<?xml version="1.0" encoding="UTF-8"?>
<!-- Generated by org.testng.reporters.JUnitReportReporter -->
<testsuite hostname="ES3027813W1" failures="0" tests="5" name="zz210120.EncontrarFarmaciaConFecha" time="38.749" errors="0" timestamp="2021-01-22T12:39:52 CET" skipped="0">
  <testcase classname="zz210120.EncontrarFarmaciaConFecha" name="encuentraFarmaciaParametros" time="7.382"/>
  <system-out/>
  <testcase classname="zz210120.EncontrarFarmaciaConFecha" name="encuentraFarmaciaParametros" time="5.969"/>
  <system-out/>
  <testcase classname="zz210120.EncontrarFarmaciaConFecha" name="encuentraFarmaciaParametros" time="7.525"/>
  <system-out/>
  <testcase classname="zz210120.EncontrarFarmaciaConFecha" name="encuentraFarmaciaCuencaAlarcon30Dic2020" time="8.467"/>
  <system-out/>
  <testcase classname="zz210120.EncontrarFarmaciaConFecha" name="encuentraFarmaciaParametros" time="9.406"/>
  <system-out/>
</testsuite> <!-- zz210120.EncontrarFarmaciaConFecha -->
