<?xml version="1.0" encoding="UTF-8"?>
<!-- Generated by org.testng.reporters.JUnitReportReporter -->
<testsuite hostname="ES3027813W1" failures="0" tests="6" name="zz210120.ComprobarCarpetaSalud6Links" time="17.679" errors="0" timestamp="2021-01-22T13:20:59 CET" skipped="0">
  <testcase classname="zz210120.ComprobarCarpetaSalud6Links" name="comprobarCarpetaDeSaludInformes" time="0.204"/>
  <system-out/>
  <testcase classname="zz210120.ComprobarCarpetaSalud6Links" name="comprobarCarpetaDeSaludMedicacion" time="0.192"/>
  <system-out/>
  <testcase classname="zz210120.ComprobarCarpetaSalud6Links" name="comprobarCarpetaDeSaludMisCitas" time="1.729"/>
  <system-out/>
  <testcase classname="zz210120.ComprobarCarpetaSalud6Links" name="comprobarCarpetaDeSaludAlergias" time="2.035"/>
  <system-out/>
  <testcase classname="zz210120.ComprobarCarpetaSalud6Links" name="comprobarCarpetaDeSaludListaEspera" time="12.843"/>
  <system-out/>
  <testcase classname="zz210120.ComprobarCarpetaSalud6Links" name="comprobarCarpetaDeSaludVacunas" time="0.676"/>
  <system-out/>
</testsuite> <!-- zz210120.ComprobarCarpetaSalud6Links -->
