<?xml version="1.0" encoding="UTF-8"?>
<!-- Generated by org.testng.reporters.JUnitReportReporter -->
<testsuite hostname="ES3027813W1" failures="0" tests="4" name="zz210120.CargaNotificacionesY3Mas" time="6.972" errors="0" timestamp="2021-01-22T12:39:52 CET" skipped="0">
  <testcase classname="zz210120.CargaNotificacionesY3Mas" name="masContacto" time="3.871"/>
  <system-out/>
  <testcase classname="zz210120.CargaNotificacionesY3Mas" name="masPrivacidad" time="1.098"/>
  <system-out/>
  <testcase classname="zz210120.CargaNotificacionesY3Mas" name="masAyuda" time="1.295"/>
  <system-out/>
  <testcase classname="zz210120.CargaNotificacionesY3Mas" name="mostarNotificaciones" time="0.708"/>
  <system-out/>
</testsuite> <!-- zz210120.CargaNotificacionesY3Mas -->
