<?xml version="1.0" encoding="UTF-8"?>
<!-- Generated by org.testng.reporters.JUnitReportReporter -->
<testsuite hostname="ES3027813W1" failures="0" tests="4" name="zz210120.MiPerfilPrivado" time="2.075" errors="0" timestamp="2021-01-22T13:20:59 CET" skipped="1">
  <testcase classname="zz210120.MiPerfilPrivado" name="historiaClinicaSNS" time="1.696"/>
  <system-out/>
  <testcase classname="zz210120.MiPerfilPrivado" name="testeoMisProfesionales" time="0.135"/>
  <system-out/>
  <testcase classname="zz210120.MiPerfilPrivado" name="testeoDniEscrito" time="0.244"/>
  <system-out/>
  <testcase classname="zz210120.MiPerfilPrivado" name="logoutDesdePrivado">
    <skipped/>
  </testcase> <!-- logoutDesdePrivado -->
  <system-out/>
</testsuite> <!-- zz210120.MiPerfilPrivado -->
